<?xml version="1.0" encoding="UTF-8"?>
<testsuite xmlns:xsi="http://www.w3.org/2001/XMLSchema-instance" xsi:noNamespaceSchemaLocation="https://maven.apache.org/surefire/maven-surefire-plugin/xsd/surefire-test-report-3.0.xsd" version="3.0" name="com.otaviomendes.TodoList.TodoListApplicationTests" time="2.708" tests="2" errors="0" skipped="0" failures="0">
  <properties>
[...]
</properties>
  <testcase name="testCreateTodoSuccess" classname="com.otaviomendes.TodoList.TodoListApplicationTests" time="0.315">
    <system-out><![CDATA[07:44:34.027 [main] INFO org.springframework.test.context.support.AnnotationConfigContextLoaderUtils -- Could not detect default configuration classes for test class [com.otaviomendes.TodoList.TodoListApplicationTests]: TodoListApplicationTests does not declare any static, non-private, non-final, nested classes annotated with @Configuration.
07:44:34.071 [main] INFO org.springframework.boot.test.context.SpringBootTestContextBootstrapper -- Found @SpringBootConfiguration com.otaviomendes.TodoList.TodoListApplication for test class com.otaviomendes.TodoList.TodoListApplicationTests
07:44:34.144 [main] INFO org.springframework.boot.devtools.restart.RestartApplicationListener -- Restart disabled due to context in which it is running

  .   ____          _            __ _ _
 /\\ / ___'_ __ _ _(_)_ __  __ _ \ \ \ \
( ( )\___ | '_ | '_| | '_ \/ _` | \ \ \ \
 \\/  ___)| |_)| | | | | || (_| |  ) ) ) )
  '  |____| .__|_| |_|_| |_\__, | / / / /
 =========|_|==============|___/=/_/_/_/
&amp#27;[32m :: Spring Boot :: &amp#27;[39m    &amp#27;[2m (v3.1.11-SNAPSHOT)&amp#27;[0;39m

&amp#27;[2m2024-05-17T07:44:34.294-03:00&amp#27;[0;39m &amp#27;[32m INFO&amp#27;[0;39m &amp#27;[35m3377&amp#27;[0;39m &amp#27;[2m---&amp#27;[0;39m &amp#27;[2m[           main]&amp#27;[0;39m &amp#27;[36mc.o.TodoList.TodoListApplicationTests   &amp#27;[0;39m &amp#27;[2m:&amp#27;[0;39m Starting TodoListApplicationTests using Java 22.0.1 with PID 3377 (started by otaviomendes in /Users/otaviomendes/Documents/GitHub/TodoList-Update-)
&amp#27;[2m2024-05-17T07:44:34.295-03:00&amp#27;[0;39m &amp#27;[32m INFO&amp#27;[0;39m &amp#27;[35m3377&amp#27;[0;39m &amp#27;[2m---&amp#27;[0;39m &amp#27;[2m[           main]&amp#27;[0;39m &amp#27;[36mc.o.TodoList.TodoListApplicationTests   &amp#27;[0;39m &amp#27;[2m:&amp#27;[0;39m No active profile set, falling back to 1 default profile: "default"
&amp#27;[2m2024-05-17T07:44:34.641-03:00&amp#27;[0;39m &amp#27;[32m INFO&amp#27;[0;39m &amp#27;[35m3377&amp#27;[0;39m &amp#27;[2m---&amp#27;[0;39m &amp#27;[2m[           main]&amp#27;[0;39m &amp#27;[36m.s.d.r.c.RepositoryConfigurationDelegate&amp#27;[0;39m &amp#27;[2m:&amp#27;[0;39m Bootstrapping Spring Data JPA repositories in DEFAULT mode.
&amp#27;[2m2024-05-17T07:44:34.711-03:00&amp#27;[0;39m &amp#27;[32m INFO&amp#27;[0;39m &amp#27;[35m3377&amp#27;[0;39m &amp#27;[2m---&amp#27;[0;39m &amp#27;[2m[           main]&amp#27;[0;39m &amp#27;[36m.s.d.r.c.RepositoryConfigurationDelegate&amp#27;[0;39m &amp#27;[2m:&amp#27;[0;39m Finished Spring Data repository scanning in 66 ms. Found 1 JPA repository interface.
&amp#27;[2m2024-05-17T07:44:34.997-03:00&amp#27;[0;39m &amp#27;[32m INFO&amp#27;[0;39m &amp#27;[35m3377&amp#27;[0;39m &amp#27;[2m---&amp#27;[0;39m &amp#27;[2m[           main]&amp#27;[0;39m &amp#27;[36mo.s.b.w.embedded.tomcat.TomcatWebServer &amp#27;[0;39m &amp#27;[2m:&amp#27;[0;39m Tomcat initialized with port(s): 0 (http)
&amp#27;[2m2024-05-17T07:44:35.003-03:00&amp#27;[0;39m &amp#27;[32m INFO&amp#27;[0;39m &amp#27;[35m3377&amp#27;[0;39m &amp#27;[2m---&amp#27;[0;39m &amp#27;[2m[           main]&amp#27;[0;39m &amp#27;[36mo.apache.catalina.core.StandardService  &amp#27;[0;39m &amp#27;[2m:&amp#27;[0;39m Starting service [Tomcat]
&amp#27;[2m2024-05-17T07:44:35.003-03:00&amp#27;[0;39m &amp#27;[32m INFO&amp#27;[0;39m &amp#27;[35m3377&amp#27;[0;39m &amp#27;[2m---&amp#27;[0;39m &amp#27;[2m[           main]&amp#27;[0;39m &amp#27;[36mo.apache.catalina.core.StandardEngine   &amp#27;[0;39m &amp#27;[2m:&amp#27;[0;39m Starting Servlet engine: [Apache Tomcat/10.1.20]
&amp#27;[2m2024-05-17T07:44:35.053-03:00&amp#27;[0;39m &amp#27;[32m INFO&amp#27;[0;39m &amp#27;[35m3377&amp#27;[0;39m &amp#27;[2m---&amp#27;[0;39m &amp#27;[2m[           main]&amp#27;[0;39m &amp#27;[36mo.a.c.c.C.[Tomcat].[localhost].[/]      &amp#27;[0;39m &amp#27;[2m:&amp#27;[0;39m Initializing Spring embedded WebApplicationContext
&amp#27;[2m2024-05-17T07:44:35.053-03:00&amp#27;[0;39m &amp#27;[32m INFO&amp#27;[0;39m &amp#27;[35m3377&amp#27;[0;39m &amp#27;[2m---&amp#27;[0;39m &amp#27;[2m[           main]&amp#27;[0;39m &amp#27;[36mw.s.c.ServletWebServerApplicationContext&amp#27;[0;39m &amp#27;[2m:&amp#27;[0;39m Root WebApplicationContext: initialization completed in 749 ms
&amp#27;[2m2024-05-17T07:44:35.071-03:00&amp#27;[0;39m &amp#27;[32m INFO&amp#27;[0;39m &amp#27;[35m3377&amp#27;[0;39m &amp#27;[2m---&amp#27;[0;39m &amp#27;[2m[           main]&amp#27;[0;39m &amp#27;[36mcom.zaxxer.hikari.HikariDataSource      &amp#27;[0;39m &amp#27;[2m:&amp#27;[0;39m HikariPool-1 - Starting...
&amp#27;[2m2024-05-17T07:44:35.180-03:00&amp#27;[0;39m &amp#27;[32m INFO&amp#27;[0;39m &amp#27;[35m3377&amp#27;[0;39m &amp#27;[2m---&amp#27;[0;39m &amp#27;[2m[           main]&amp#27;[0;39m &amp#27;[36mcom.zaxxer.hikari.pool.HikariPool       &amp#27;[0;39m &amp#27;[2m:&amp#27;[0;39m HikariPool-1 - Added connection conn0: url=jdbc:h2:mem:testdb user=SA
&amp#27;[2m2024-05-17T07:44:35.181-03:00&amp#27;[0;39m &amp#27;[32m INFO&amp#27;[0;39m &amp#27;[35m3377&amp#27;[0;39m &amp#27;[2m---&amp#27;[0;39m &amp#27;[2m[           main]&amp#27;[0;39m &amp#27;[36mcom.zaxxer.hikari.HikariDataSource      &amp#27;[0;39m &amp#27;[2m:&amp#27;[0;39m HikariPool-1 - Start completed.
&amp#27;[2m2024-05-17T07:44:35.187-03:00&amp#27;[0;39m &amp#27;[32m INFO&amp#27;[0;39m &amp#27;[35m3377&amp#27;[0;39m &amp#27;[2m---&amp#27;[0;39m &amp#27;[2m[           main]&amp#27;[0;39m &amp#27;[36mo.s.b.a.h2.H2ConsoleAutoConfiguration   &amp#27;[0;39m &amp#27;[2m:&amp#27;[0;39m H2 console available at '/h2-console'. Database available at 'jdbc:h2:mem:testdb'
&amp#27;[2m2024-05-17T07:44:35.259-03:00&amp#27;[0;39m &amp#27;[32m INFO&amp#27;[0;39m &amp#27;[35m3377&amp#27;[0;39m &amp#27;[2m---&amp#27;[0;39m &amp#27;[2m[           main]&amp#27;[0;39m &amp#27;[36mo.hibernate.jpa.internal.util.LogHelper &amp#27;[0;39m &amp#27;[2m:&amp#27;[0;39m HHH000204: Processing PersistenceUnitInfo [name: default]
&amp#27;[2m2024-05-17T07:44:35.292-03:00&amp#27;[0;39m &amp#27;[32m INFO&amp#27;[0;39m &amp#27;[35m3377&amp#27;[0;39m &amp#27;[2m---&amp#27;[0;39m &amp#27;[2m[           main]&amp#27;[0;39m &amp#27;[36morg.hibernate.Version                   &amp#27;[0;39m &amp#27;[2m:&amp#27;[0;39m HHH000412: Hibernate ORM core version 6.2.24.Final
&amp#27;[2m2024-05-17T07:44:35.293-03:00&amp#27;[0;39m &amp#27;[32m INFO&amp#27;[0;39m &amp#27;[35m3377&amp#27;[0;39m &amp#27;[2m---&amp#27;[0;39m &amp#27;[2m[           main]&amp#27;[0;39m &amp#27;[36morg.hibernate.cfg.Environment           &amp#27;[0;39m &amp#27;[2m:&amp#27;[0;39m HHH000406: Using bytecode reflection optimizer
&amp#27;[2m2024-05-17T07:44:35.422-03:00&amp#27;[0;39m &amp#27;[32m INFO&amp#27;[0;39m &amp#27;[35m3377&amp#27;[0;39m &amp#27;[2m---&amp#27;[0;39m &amp#27;[2m[           main]&amp#27;[0;39m &amp#27;[36mo.s.o.j.p.SpringPersistenceUnitInfo     &amp#27;[0;39m &amp#27;[2m:&amp#27;[0;39m No LoadTimeWeaver setup: ignoring JPA class transformer
&amp#27;[2m2024-05-17T07:44:35.812-03:00&amp#27;[0;39m &amp#27;[32m INFO&amp#27;[0;39m &amp#27;[35m3377&amp#27;[0;39m &amp#27;[2m---&amp#27;[0;39m &amp#27;[2m[           main]&amp#27;[0;39m &amp#27;[36mo.h.e.t.j.p.i.JtaPlatformInitiator      &amp#27;[0;39m &amp#27;[2m:&amp#27;[0;39m HHH000489: No JTA platform available (set 'hibernate.transaction.jta.platform' to enable JTA platform integration)
Hibernate: 
    create table todos (
        id bigint generated by default as identity,
        descricao varchar(255),
        lembrete varchar(255),
        nome varchar(255),
        prioridade varchar(255) check (prioridade in ('Alta','Media','Baixa')),
        realizado boolean not null,
        tipo_todo varchar(255) check (tipo_todo in ('Data','Prazo','Livre')),
        primary key (id)
    )
&amp#27;[2m2024-05-17T07:44:35.841-03:00&amp#27;[0;39m &amp#27;[32m INFO&amp#27;[0;39m &amp#27;[35m3377&amp#27;[0;39m &amp#27;[2m---&amp#27;[0;39m &amp#27;[2m[           main]&amp#27;[0;39m &amp#27;[36mj.LocalContainerEntityManagerFactoryBean&amp#27;[0;39m &amp#27;[2m:&amp#27;[0;39m Initialized JPA EntityManagerFactory for persistence unit 'default'
&amp#27;[2m2024-05-17T07:44:36.023-03:00&amp#27;[0;39m &amp#27;[33m WARN&amp#27;[0;39m &amp#27;[35m3377&amp#27;[0;39m &amp#27;[2m---&amp#27;[0;39m &amp#27;[2m[           main]&amp#27;[0;39m &amp#27;[36mJpaBaseConfiguration$JpaWebConfiguration&amp#27;[0;39m &amp#27;[2m:&amp#27;[0;39m spring.jpa.open-in-view is enabled by default. Therefore, database queries may be performed during view rendering. Explicitly configure spring.jpa.open-in-view to disable this warning
&amp#27;[2m2024-05-17T07:44:36.253-03:00&amp#27;[0;39m &amp#27;[32m INFO&amp#27;[0;39m &amp#27;[35m3377&amp#27;[0;39m &amp#27;[2m---&amp#27;[0;39m &amp#27;[2m[           main]&amp#27;[0;39m &amp#27;[36mo.s.b.w.embedded.tomcat.TomcatWebServer &amp#27;[0;39m &amp#27;[2m:&amp#27;[0;39m Tomcat started on port(s): 51140 (http) with context path ''
&amp#27;[2m2024-05-17T07:44:36.259-03:00&amp#27;[0;39m &amp#27;[32m INFO&amp#27;[0;39m &amp#27;[35m3377&amp#27;[0;39m &amp#27;[2m---&amp#27;[0;39m &amp#27;[2m[           main]&amp#27;[0;39m &amp#27;[36mc.o.TodoList.TodoListApplicationTests   &amp#27;[0;39m &amp#27;[2m:&amp#27;[0;39m Started TodoListApplicationTests in 2.12 seconds (process running for 2.547)
]]></system-out>
    <system-err><![CDATA[SLF4J(W): Class path contains multiple SLF4J providers.
SLF4J(W): Found provider [ch.qos.logback.classic.spi.LogbackServiceProvider@459e9125]
SLF4J(W): Found provider [org.slf4j.nop.NOPServiceProvider@128d2484]
SLF4J(W): Found provider [org.slf4j.jul.JULServiceProvider@7cc0cdad]
SLF4J(W): See https://www.slf4j.org/codes.html#multiple_bindings for an explanation.
SLF4J(I): Actual provider is of type [ch.qos.logback.classic.spi.LogbackServiceProvider@459e9125]
WARNING: A Java agent has been loaded dynamically (/Users/otaviomendes/.m2/repository/net/bytebuddy/byte-buddy-agent/1.14.13/byte-buddy-agent-1.14.13.jar)
WARNING: If a serviceability tool is in use, please run with -XX:+EnableDynamicAgentLoading to hide this warning
WARNING: If a serviceability tool is not in use, please run with -Djdk.instrument.traceUsage for more information
WARNING: Dynamic loading of agents will be disallowed by default in a future release
]]></system-err>
  </testcase>
  <testcase name="testCreateTodoFailure" classname="com.otaviomendes.TodoList.TodoListApplicationTests" time="0.002"/>
</testsuite>